JvmtiExport can_access_local_variables 0
JvmtiExport can_hotswap_or_post_breakpoint 0
JvmtiExport can_post_on_exceptions 0
# 385 ciObject found
instanceKlass java/util/concurrent/ConcurrentLinkedQueue$Itr
instanceKlass org/apache/ibatis/executor/loader/ResultLoaderMap
instanceKlass org/apache/ibatis/executor/result/DefaultResultContext
instanceKlass org/apache/ibatis/executor/result/DefaultResultHandler
instanceKlass com/mysql/cj/jdbc/result/ResultSetMetaData$1
instanceKlass org/apache/ibatis/executor/resultset/ResultSetWrapper
instanceKlass org/apache/ibatis/exceptions/ExceptionFactory
instanceKlass com/mysql/cj/core/profiler/ProfilerEventHandlerFactory
instanceKlass com/mysql/cj/jdbc/exceptions/SQLExceptionsMapping
instanceKlass com/mysql/cj/core/exceptions/ExceptionFactory
instanceKlass com/mysql/cj/api/exceptions/DeadlockTimeoutRollbackMarker
instanceKlass com/mysql/cj/api/exceptions/StreamingNotifiable
instanceKlass com/mysql/cj/jdbc/exceptions/SQLError
instanceKlass sun/reflect/ClassDefiner$1
instanceKlass sun/reflect/ClassDefiner
instanceKlass sun/reflect/MethodAccessorGenerator$1
instanceKlass sun/reflect/Label$PatchInfo
instanceKlass sun/reflect/Label
instanceKlass sun/reflect/UTF8
instanceKlass sun/reflect/ClassFileAssembler
instanceKlass sun/reflect/ByteVectorImpl
instanceKlass sun/reflect/ByteVector
instanceKlass sun/reflect/ByteVectorFactory
instanceKlass sun/reflect/AccessorGenerator
instanceKlass sun/reflect/ClassFileConstants
instanceKlass org/apache/ibatis/executor/statement/StatementUtil
instanceKlass java/sql/Ref
instanceKlass java/sql/RowId
instanceKlass java/util/RegularEnumSet$EnumSetIterator
instanceKlass com/mysql/cj/jdbc/PreparedStatement$BatchVisitor
instanceKlass com/mysql/cj/jdbc/PreparedStatement$ParseInfo
instanceKlass com/mysql/cj/api/jdbc/ParameterBindings
instanceKlass java/sql/ParameterMetaData
instanceKlass com/mysql/cj/jdbc/EscapeProcessor
instanceKlass org/apache/ibatis/executor/keygen/Jdbc3KeyGenerator
instanceKlass org/apache/ibatis/logging/jdbc/BaseJdbcLogger
instanceKlass java/lang/reflect/WeakCache$Value
instanceKlass sun/misc/ProxyGenerator$ExceptionTableEntry
instanceKlass sun/misc/ProxyGenerator$FieldInfo
instanceKlass java/io/DataOutput
instanceKlass sun/misc/ProxyGenerator$ConstantPool$Entry
instanceKlass sun/misc/ProxyGenerator$MethodInfo
instanceKlass sun/misc/ProxyGenerator$PrimitiveTypeInfo
instanceKlass java/sql/Struct
instanceKlass java/sql/Array
instanceKlass java/util/concurrent/Executor
instanceKlass sun/misc/ProxyGenerator$ProxyMethod
instanceKlass sun/misc/ProxyGenerator$ConstantPool
instanceKlass sun/misc/ProxyGenerator
instanceKlass java/lang/reflect/WeakCache$Factory
instanceKlass com/mysql/cj/core/io/NetworkResources
instanceKlass com/mysql/cj/jdbc/ConnectionImpl$$Lambda$17
instanceKlass com/mysql/cj/core/LicenseConfiguration
instanceKlass com/mysql/cj/core/io/StringValueFactory
instanceKlass com/mysql/cj/jdbc/result/ResultSetMetaData
instanceKlass com/mysql/cj/core/io/BaseDecoratingValueFactory
instanceKlass com/mysql/cj/core/io/DefaultValueFactory
instanceKlass java/sql/ResultSetMetaData
instanceKlass com/mysql/cj/api/io/ValueFactory
instanceKlass com/mysql/cj/mysqla/result/OkPacket
instanceKlass com/mysql/cj/mysqla/result/AbstractResultsetRows
instanceKlass com/mysql/cj/mysqla/result/AbstractResultsetRow
instanceKlass com/mysql/cj/mysqla/result/MysqlaColumnDefinition$1
instanceKlass com/mysql/cj/core/io/MysqlTextValueDecoder
instanceKlass com/mysql/cj/api/io/ValueDecoder
instanceKlass com/mysql/cj/mysqla/io/AbstractRowFactory
instanceKlass com/mysql/cj/mysqla/result/MysqlaColumnDefinition
instanceKlass com/mysql/cj/core/result/Field$1
instanceKlass java/sql/SQLType
instanceKlass com/mysql/cj/core/util/LazyString
instanceKlass com/mysql/cj/core/result/Field
instanceKlass com/mysql/cj/mysqla/io/ColumnDefinitionFactory
instanceKlass com/mysql/cj/mysqla/MysqlaSession$$Lambda$16
instanceKlass com/mysql/cj/api/io/Protocol$GetProfilerEventHandlerInstanceFunction
instanceKlass java/util/TimerTask
instanceKlass com/mysql/cj/mysqla/io/MultiPacketReader
instanceKlass com/mysql/cj/mysqla/io/TimeTrackingPacketReader
instanceKlass com/mysql/cj/mysqla/io/TimeTrackingPacketSender
instanceKlass com/mysql/cj/mysqla/MysqlaUtils
instanceKlass com/mysql/cj/mysqla/io/PacketSplitter
instanceKlass com/mysql/cj/core/Collation
instanceKlass sun/nio/cs/SingleByte
instanceKlass com/mysql/cj/core/MysqlCharset
instanceKlass com/mysql/cj/core/CharsetMapping
instanceKlass sun/security/provider/ByteArrayAccess
instanceKlass sun/security/jca/GetInstance$Instance
instanceKlass java/security/Provider$UString
instanceKlass java/security/Provider$Service
instanceKlass sun/security/provider/NativePRNG$NonBlocking
instanceKlass sun/security/provider/NativePRNG$Blocking
instanceKlass sun/security/provider/NativePRNG
instanceKlass sun/security/provider/SunEntries$1
instanceKlass sun/security/provider/SunEntries
instanceKlass sun/security/jca/ProviderConfig$2
instanceKlass sun/security/jca/ProviderList$2
instanceKlass java/security/Provider$EngineDescription
instanceKlass java/security/Provider$ServiceKey
instanceKlass sun/security/jca/ProviderConfig
instanceKlass sun/security/jca/ProviderList
instanceKlass sun/security/jca/Providers
instanceKlass sun/security/jca/GetInstance
instanceKlass java/security/MessageDigestSpi
instanceKlass com/mysql/cj/core/authentication/Security
instanceKlass com/mysql/cj/mysqla/authentication/MysqlOldPasswordPlugin
instanceKlass com/mysql/cj/mysqla/authentication/Sha256PasswordPlugin
instanceKlass com/mysql/cj/mysqla/authentication/MysqlClearPasswordPlugin
instanceKlass com/mysql/cj/core/ServerVersion
instanceKlass com/mysql/cj/mysqla/io/Buffer$1
instanceKlass com/mysql/cj/mysqla/io/MysqlaCapabilities
instanceKlass java/util/Optional
instanceKlass com/mysql/cj/mysqla/io/DefaultPacketHeader
instanceKlass com/mysql/cj/mysqla/io/MysqlaServerSession
instanceKlass com/mysql/cj/mysqla/io/BinaryResultsetReader
instanceKlass com/mysql/cj/mysqla/io/TextResultsetReader
instanceKlass com/mysql/cj/mysqla/io/ResultsetRowReader
instanceKlass com/mysql/cj/api/mysqla/result/ResultsetRow
instanceKlass com/mysql/cj/mysqla/io/ColumnDefinitionReader
instanceKlass com/mysql/cj/api/mysqla/io/ProtocolEntityReader
instanceKlass com/mysql/cj/mysqla/authentication/MysqlaAuthenticationProvider
instanceKlass com/mysql/cj/api/mysqla/io/PacketHeader
instanceKlass com/mysql/cj/mysqla/io/SimplePacketReader
instanceKlass com/mysql/cj/mysqla/io/SimplePacketSender
instanceKlass com/mysql/cj/mysqla/io/Buffer
instanceKlass com/mysql/cj/core/io/AbstractProtocol$2
instanceKlass com/mysql/cj/core/io/AbstractProtocol$1
instanceKlass com/mysql/cj/api/io/ServerCapabilities
instanceKlass com/mysql/cj/api/authentication/AuthenticationProvider
instanceKlass com/mysql/cj/api/mysqla/io/PacketReader
instanceKlass com/mysql/cj/api/mysqla/io/PacketSender
instanceKlass com/mysql/cj/api/mysqla/io/PacketPayload
instanceKlass com/mysql/cj/api/io/PacketReceivedTimeHolder
instanceKlass com/mysql/cj/api/io/PacketSentTimeHolder
instanceKlass com/mysql/cj/core/io/AbstractProtocol
instanceKlass com/mysql/cj/api/conf/RuntimeProperty$RuntimePropertyListener
instanceKlass com/mysql/cj/api/mysqla/io/NativeProtocol
instanceKlass com/mysql/cj/api/io/Protocol
instanceKlass java/net/Socket$3
instanceKlass java/net/Socket$2
instanceKlass sun/net/NetHooks
instanceKlass java/net/Proxy
instanceKlass sun/net/spi/DefaultProxySelector$3
instanceKlass sun/net/spi/DefaultProxySelector$NonProxyInfo
instanceKlass sun/net/NetProperties$1
instanceKlass sun/net/NetProperties
instanceKlass sun/net/spi/DefaultProxySelector$1
instanceKlass java/net/ProxySelector
instanceKlass java/net/SocksSocketImpl$3
instanceKlass java/net/InetSocketAddress$InetSocketAddressHolder
instanceKlass sun/misc/FloatingDecimal$ASCIIToBinaryBuffer
instanceKlass java/net/PlainSocketImpl$1
instanceKlass java/net/AbstractPlainSocketImpl$1
instanceKlass java/net/SocketImpl
instanceKlass java/net/SocketOptions
instanceKlass java/net/SocksConsts
instanceKlass java/net/Socket
instanceKlass java/net/Inet6Address$Inet6AddressHolder
instanceKlass java/net/InetAddress$CacheEntry
instanceKlass sun/net/InetAddressCachePolicy$2
instanceKlass sun/net/InetAddressCachePolicy$1
instanceKlass sun/net/InetAddressCachePolicy
instanceKlass java/net/Inet4AddressImpl
instanceKlass java/net/InetAddress$2
instanceKlass sun/net/spi/nameservice/NameService
instanceKlass java/net/Inet6AddressImpl
instanceKlass java/net/InetAddressImpl
instanceKlass java/net/InetAddressImplFactory
instanceKlass java/net/InetAddress$Cache
instanceKlass java/net/InetAddress$InetAddressHolder
instanceKlass java/net/InetAddress$1
instanceKlass java/net/InetAddress
instanceKlass com/mysql/cj/core/io/AbstractSocketConnection
instanceKlass java/util/stream/Collectors$$Lambda$15
instanceKlass java/util/stream/Collectors$$Lambda$14
instanceKlass java/util/stream/Collectors$$Lambda$13
instanceKlass java/util/stream/Collectors$$Lambda$12
instanceKlass java/lang/invoke/LambdaForm$DMH
instanceKlass com/mysql/cj/jdbc/ConnectionImpl$$Lambda$11
instanceKlass com/mysql/cj/jdbc/interceptors/NoSubInterceptorWrapper
instanceKlass com/mysql/cj/api/jdbc/interceptors/StatementInterceptor
instanceKlass java/util/LinkedList$LLSpliterator
instanceKlass com/mysql/cj/jdbc/DatabaseMetaData$IteratorWithCleanup
instanceKlass com/mysql/cj/api/result/Row
instanceKlass com/mysql/cj/api/mysqla/result/ResultsetRows
instanceKlass com/mysql/cj/api/result/RowList
instanceKlass com/mysql/cj/jdbc/DatabaseMetaData
instanceKlass com/mysql/cj/core/conf/url/HostInfo$$Lambda$10
instanceKlass java/util/HashMap$HashMapSpliterator
instanceKlass com/mysql/cj/core/log/LogFactory
instanceKlass com/mysql/cj/core/log/NullLogger
instanceKlass com/mysql/cj/api/io/ServerSession
instanceKlass com/mysql/cj/api/io/SocketConnection
instanceKlass com/mysql/cj/core/AbstractSession
instanceKlass com/mysql/cj/mysqla/result/MysqlaResultset
instanceKlass com/mysql/cj/api/WarningListener
instanceKlass com/mysql/cj/api/jdbc/result/ResultSetInternalMethods
instanceKlass com/mysql/cj/api/mysqla/result/Resultset
instanceKlass com/mysql/cj/api/mysqla/result/ResultsetRowsOwner
instanceKlass com/mysql/cj/jdbc/io/ResultSetFactory
instanceKlass com/mysql/cj/core/conf/AbstractRuntimeProperty
instanceKlass com/mysql/cj/api/conf/ModifiableProperty
instanceKlass com/mysql/cj/api/conf/ReadableProperty
instanceKlass com/mysql/cj/mysqla/authentication/MysqlNativePasswordPlugin
instanceKlass com/mysql/cj/api/mysqla/authentication/AuthenticationPlugin
instanceKlass java/net/SocketAddress
instanceKlass com/mysql/cj/core/io/StandardSocketFactory
instanceKlass com/mysql/cj/api/io/SocketFactory
instanceKlass com/mysql/cj/api/io/SocketMetadata
instanceKlass com/mysql/cj/jdbc/util/PerConnectionLRUFactory
instanceKlass com/mysql/cj/jdbc/ha/StandardLoadBalanceExceptionChecker
instanceKlass com/mysql/cj/api/jdbc/ha/LoadBalanceExceptionChecker
instanceKlass com/mysql/cj/core/util/PerVmServerConfigCacheFactory
instanceKlass com/mysql/cj/api/CacheAdapterFactory
instanceKlass com/mysql/cj/core/profiler/LoggingProfilerEventHandler
instanceKlass com/mysql/cj/api/ProfilerEventHandler
instanceKlass com/mysql/cj/api/conf/RuntimeProperty
instanceKlass com/mysql/cj/core/conf/AbstractPropertyDefinition
instanceKlass com/mysql/cj/api/conf/PropertyDefinition
instanceKlass com/mysql/cj/core/conf/PropertyDefinitions
instanceKlass com/mysql/cj/core/conf/DefaultPropertySet
instanceKlass com/mysql/cj/core/log/StandardLogger
instanceKlass com/mysql/cj/api/log/Log
instanceKlass com/mysql/cj/api/exceptions/ExceptionInterceptor
instanceKlass com/mysql/cj/api/mysqla/result/ColumnDefinition
instanceKlass com/mysql/cj/api/mysqla/result/ProtocolEntity
instanceKlass com/mysql/cj/api/ProfilerEvent
instanceKlass com/mysql/cj/api/mysqla/io/ProtocolEntityFactory
instanceKlass java/sql/DatabaseMetaData
instanceKlass java/sql/Savepoint
instanceKlass com/mysql/cj/jdbc/StatementImpl
instanceKlass com/mysql/cj/api/jdbc/Statement
instanceKlass java/sql/CallableStatement
instanceKlass java/sql/PreparedStatement
instanceKlass java/sql/SQLXML
instanceKlass java/sql/NClob
instanceKlass java/sql/Clob
instanceKlass java/sql/Blob
instanceKlass com/mysql/cj/jdbc/IterateBlock
instanceKlass com/mysql/cj/api/jdbc/JdbcPropertySet
instanceKlass com/mysql/cj/api/conf/PropertySet
instanceKlass com/mysql/cj/api/Session
instanceKlass com/mysql/cj/jdbc/AbstractJdbcConnection
instanceKlass com/mysql/cj/api/jdbc/JdbcConnection
instanceKlass com/mysql/cj/api/MysqlConnection
instanceKlass com/mysql/cj/jdbc/NonRegisteringDriver$1
instanceKlass java/util/stream/ForEachOps$ForEachOp
instanceKlass java/util/stream/ForEachOps
instanceKlass com/mysql/cj/core/conf/url/ConnectionUrl$$Lambda$9
instanceKlass java/lang/invoke/LambdaForm$DMH
instanceKlass com/mysql/cj/core/conf/url/ConnectionUrl$$Lambda$8
instanceKlass java/lang/invoke/LambdaForm$DMH
instanceKlass java/util/ArrayList$ArrayListSpliterator
instanceKlass java/lang/Throwable$PrintStreamOrWriter
instanceKlass java/util/ResourceBundle$Control$1
instanceKlass java/util/zip/ZipFile$ZipEntryIterator
instanceKlass java/util/jar/JarFile$JarEntryIterator
instanceKlass com/mysql/cj/core/Messages
instanceKlass com/mysql/cj/core/Constants
instanceKlass com/mysql/cj/core/util/Util
instanceKlass java/lang/invoke/LambdaForm$MH
instanceKlass com/mysql/cj/core/conf/url/ConnectionUrl$$Lambda$7
instanceKlass java/lang/invoke/LambdaForm$DMH
instanceKlass java/util/Collections$UnmodifiableMap$UnmodifiableEntrySet$UnmodifiableEntry
instanceKlass java/util/Collections$UnmodifiableMap$UnmodifiableEntrySet$1
instanceKlass com/mysql/cj/core/conf/url/HostInfo
instanceKlass java/net/URI$Parser
instanceKlass java/net/URI
instanceKlass com/mysql/cj/core/conf/url/ConnectionUrlParser$Pair
instanceKlass com/mysql/cj/core/conf/url/ConnectionUrl$3
instanceKlass com/mysql/cj/core/util/StringUtils
instanceKlass com/mysql/cj/core/conf/url/ConnectionUrlParser
instanceKlass java/util/stream/Sink$ChainedReference
instanceKlass java/util/stream/ReduceOps$Box
instanceKlass java/util/stream/ReduceOps$AccumulatingSink
instanceKlass java/util/stream/TerminalSink
instanceKlass java/util/stream/Sink
instanceKlass java/util/function/Consumer
instanceKlass java/util/stream/ReduceOps$ReduceOp
instanceKlass java/util/stream/TerminalOp
instanceKlass java/util/stream/ReduceOps
instanceKlass java/util/stream/Collectors$$Lambda$6
instanceKlass java/util/stream/Collectors$$Lambda$5
instanceKlass java/util/function/BinaryOperator
instanceKlass java/lang/invoke/LambdaForm$MH
instanceKlass java/lang/invoke/LambdaForm$MH
instanceKlass java/lang/invoke/InnerClassLambdaMetafactory$1
instanceKlass java/util/stream/Collectors$$Lambda$4
instanceKlass java/lang/invoke/LambdaForm$MH
instanceKlass java/util/stream/Collectors$$Lambda$3
instanceKlass java/util/function/Supplier
instanceKlass java/util/StringJoiner
instanceKlass java/util/stream/Collectors$CollectorImpl
instanceKlass java/util/stream/Collector
instanceKlass java/util/stream/Collectors
instanceKlass com/mysql/cj/core/conf/url/ConnectionUrl$$Lambda$2
instanceKlass java/util/stream/StreamOpFlag$MaskBuilder
instanceKlass java/util/stream/PipelineHelper
instanceKlass java/util/stream/Stream
instanceKlass java/util/stream/BaseStream
instanceKlass java/util/stream/StreamSupport
instanceKlass java/util/Spliterators$IteratorSpliterator
instanceKlass java/util/Spliterator$OfDouble
instanceKlass java/util/Spliterator$OfLong
instanceKlass java/util/Spliterator$OfInt
instanceKlass java/util/Spliterator$OfPrimitive
instanceKlass java/util/Spliterators$EmptySpliterator
instanceKlass java/util/Spliterator
instanceKlass java/util/Spliterators
instanceKlass java/util/concurrent/locks/ReentrantReadWriteLock$WriteLock
instanceKlass java/util/concurrent/locks/ReentrantReadWriteLock$ReadLock
instanceKlass sun/nio/ch/Interruptible
instanceKlass java/util/concurrent/locks/ReentrantReadWriteLock
instanceKlass org/apache/ibatis/cache/CacheKey
instanceKlass java/util/concurrent/locks/ReadWriteLock
instanceKlass com/mysql/cj/core/conf/url/ConnectionUrl
instanceKlass com/mysql/cj/api/conf/DatabaseUrlContainer
instanceKlass org/apache/ibatis/cursor/Cursor
instanceKlass org/apache/ibatis/executor/resultset/DefaultResultSetHandler
instanceKlass org/apache/ibatis/executor/resultset/ResultSetHandler
instanceKlass org/apache/ibatis/scripting/defaults/DefaultParameterHandler
instanceKlass org/apache/ibatis/mapping/BoundSql
instanceKlass java/sql/Statement
instanceKlass org/apache/ibatis/executor/statement/BaseStatementHandler
instanceKlass org/apache/ibatis/executor/statement/RoutingStatementHandler$1
instanceKlass org/apache/ibatis/executor/statement/RoutingStatementHandler
instanceKlass org/apache/ibatis/executor/statement/StatementHandler
instanceKlass sun/misc/FDBigInteger
instanceKlass sun/misc/FloatingDecimal$PreparedASCIIToBinaryBuffer
instanceKlass sun/misc/FloatingDecimal$ASCIIToBinaryConverter
instanceKlass sun/misc/FloatingDecimal$BinaryToASCIIBuffer
instanceKlass sun/misc/FloatingDecimal$ExceptionalBinaryToASCIIBuffer
instanceKlass sun/misc/FloatingDecimal$BinaryToASCIIConverter
instanceKlass sun/misc/FloatingDecimal
instanceKlass java/util/Random
instanceKlass java/lang/Math$RandomNumberGeneratorHolder
instanceKlass org/apache/ibatis/session/ResultContext
instanceKlass org/apache/ibatis/session/defaults/DefaultSqlSession
instanceKlass org/apache/ibatis/cache/TransactionalCacheManager
instanceKlass org/apache/ibatis/executor/CachingExecutor
instanceKlass java/util/concurrent/ConcurrentLinkedQueue$Node
instanceKlass org/apache/ibatis/executor/BaseExecutor
instanceKlass org/apache/ibatis/transaction/jdbc/JdbcTransaction
instanceKlass org/apache/ibatis/session/SqlSession
instanceKlass org/apache/ibatis/session/defaults/DefaultSqlSessionFactory
instanceKlass com/tc/tcsocket/dao/IUserDao
instanceKlass org/apache/ibatis/session/Configuration$StrictMap$Ambiguity
instanceKlass java/util/LinkedList$ListItr
instanceKlass org/apache/ibatis/session/ResultHandler
instanceKlass org/apache/ibatis/session/RowBounds
instanceKlass org/apache/ibatis/annotations/Lang
instanceKlass org/apache/ibatis/annotations/CacheNamespaceRef
instanceKlass org/apache/ibatis/annotations/CacheNamespace
instanceKlass org/apache/ibatis/annotations/DeleteProvider
instanceKlass org/apache/ibatis/annotations/UpdateProvider
instanceKlass org/apache/ibatis/annotations/InsertProvider
instanceKlass org/apache/ibatis/annotations/SelectProvider
instanceKlass org/apache/ibatis/annotations/Delete
instanceKlass org/apache/ibatis/annotations/Update
instanceKlass org/apache/ibatis/annotations/Insert
instanceKlass org/apache/ibatis/annotations/Select
instanceKlass org/apache/ibatis/builder/annotation/MapperAnnotationBuilder
instanceKlass org/apache/ibatis/binding/MapperProxyFactory
instanceKlass com/tc/tcsocket/dao/IMemberDao
instanceKlass com/tc/tcsocket/model/User
instanceKlass org/apache/ibatis/mapping/ResultMap
instanceKlass org/apache/ibatis/mapping/ResultMap$Builder
instanceKlass org/apache/ibatis/mapping/ParameterMap
instanceKlass org/apache/ibatis/mapping/ParameterMap$Builder
instanceKlass org/apache/ibatis/mapping/MappedStatement$Builder
instanceKlass org/apache/ibatis/executor/keygen/NoKeyGenerator
instanceKlass org/apache/ibatis/builder/StaticSqlSource
instanceKlass org/apache/ibatis/mapping/ParameterMapping
instanceKlass org/apache/ibatis/mapping/ParameterMapping$Builder
instanceKlass java/util/function/BiConsumer
instanceKlass org/apache/ibatis/ognl/OgnlRuntime$ArgsCompatbilityReport
instanceKlass org/apache/ibatis/ognl/ObjectMethodAccessor
instanceKlass org/apache/ibatis/ognl/ObjectNullHandler
instanceKlass org/apache/ibatis/ognl/NumberElementsAccessor
instanceKlass org/apache/ibatis/ognl/NumericTypes
instanceKlass org/apache/ibatis/ognl/EnumerationElementsAccessor
instanceKlass org/apache/ibatis/ognl/IteratorElementsAccessor
instanceKlass org/apache/ibatis/ognl/MapElementsAccessor
instanceKlass org/apache/ibatis/ognl/CollectionElementsAccessor
instanceKlass org/apache/ibatis/ognl/ObjectElementsAccessor
instanceKlass org/apache/ibatis/ognl/ArrayElementsAccessor
instanceKlass org/apache/ibatis/ognl/MapPropertyAccessor
instanceKlass org/apache/ibatis/ognl/ObjectPropertyAccessor
instanceKlass java/math/MathContext
instanceKlass org/apache/ibatis/ognl/enhance/LocalReference
instanceKlass org/apache/ibatis/javassist/ClassPath
instanceKlass org/apache/ibatis/ognl/enhance/ExpressionCompiler
instanceKlass java/lang/AssertionStatusDirectives
instanceKlass org/apache/ibatis/javassist/ClassPool$1
instanceKlass org/apache/ibatis/javassist/CtClass
instanceKlass org/apache/ibatis/javassist/ClassPool
instanceKlass org/apache/ibatis/ognl/OgnlRuntime$ClassPropertyMethodCache
instanceKlass org/apache/ibatis/ognl/ObjectArrayPool
instanceKlass org/apache/ibatis/ognl/EvaluationPool
instanceKlass org/apache/ibatis/ognl/internal/Entry
instanceKlass org/apache/ibatis/ognl/internal/ClassCacheImpl
instanceKlass org/apache/ibatis/ognl/MethodAccessor
instanceKlass org/apache/ibatis/ognl/NullHandler
instanceKlass org/apache/ibatis/ognl/ElementsAccessor
instanceKlass org/apache/ibatis/ognl/enhance/OgnlExpressionCompiler
instanceKlass org/apache/ibatis/ognl/internal/ClassCache
instanceKlass org/apache/ibatis/ognl/OgnlRuntime
instanceKlass org/apache/ibatis/scripting/xmltags/DynamicContext$ContextAccessor
instanceKlass org/apache/ibatis/ognl/PropertyAccessor
instanceKlass org/apache/ibatis/scripting/xmltags/DynamicContext
instanceKlass org/apache/ibatis/scripting/defaults/RawSqlSource
instanceKlass org/apache/ibatis/scripting/xmltags/MixedSqlNode
instanceKlass org/apache/ibatis/scripting/xmltags/StaticTextSqlNode
instanceKlass org/apache/ibatis/scripting/xmltags/TextSqlNode$DynamicCheckerTokenParser
instanceKlass org/apache/ibatis/scripting/xmltags/TextSqlNode
instanceKlass org/apache/ibatis/builder/xml/XMLIncludeTransformer
instanceKlass com/tc/tcsocket/model/Member
instanceKlass org/apache/ibatis/executor/keygen/KeyGenerator
instanceKlass com/sun/org/apache/xpath/internal/XPathVisitor
instanceKlass com/sun/org/apache/xpath/internal/axes/NodeSequence$IteratorCache
instanceKlass com/sun/org/apache/xml/internal/dtm/ref/DTMNodeListBase
instanceKlass com/sun/org/apache/xerces/internal/impl/dtd/models/MixedContentModel
instanceKlass com/sun/org/apache/xerces/internal/impl/dtd/DTDGrammar$ChildrenList
instanceKlass org/apache/ibatis/mapping/Environment
instanceKlass org/apache/ibatis/mapping/Environment$Builder
instanceKlass org/apache/ibatis/reflection/property/PropertyTokenizer
instanceKlass org/apache/ibatis/datasource/pooled/PooledConnection
instanceKlass java/util/logging/Logger
instanceKlass org/apache/ibatis/reflection/invoker/SetFieldInvoker
instanceKlass org/apache/ibatis/reflection/invoker/GetFieldInvoker
instanceKlass org/apache/ibatis/reflection/TypeParameterResolver$GenericArrayTypeImpl
instanceKlass sun/reflect/generics/reflectiveObjects/GenericArrayTypeImpl
instanceKlass org/apache/ibatis/reflection/TypeParameterResolver$ParameterizedTypeImpl
instanceKlass org/apache/ibatis/reflection/TypeParameterResolver$WildcardTypeImpl
instanceKlass org/apache/ibatis/reflection/TypeParameterResolver
instanceKlass org/apache/ibatis/reflection/invoker/MethodInvoker
instanceKlass org/apache/ibatis/reflection/invoker/Invoker
instanceKlass org/apache/ibatis/reflection/property/PropertyNamer
instanceKlass java/lang/Class$EnclosingMethodInfo
instanceKlass java/lang/reflect/AnnotatedType
instanceKlass org/apache/ibatis/reflection/Reflector
instanceKlass org/apache/ibatis/reflection/MetaClass
instanceKlass org/apache/ibatis/reflection/wrapper/BaseWrapper
instanceKlass org/apache/ibatis/reflection/wrapper/ObjectWrapper
instanceKlass org/apache/ibatis/reflection/MetaObject
instanceKlass org/apache/ibatis/reflection/SystemMetaObject$NullObject
instanceKlass org/apache/ibatis/reflection/SystemMetaObject
instanceKlass org/apache/ibatis/datasource/pooled/PoolState
instanceKlass org/apache/ibatis/datasource/pooled/PooledDataSource
instanceKlass java/util/concurrent/CopyOnWriteArrayList$COWIterator
instanceKlass java/sql/DriverInfo
instanceKlass java/sql/Connection
instanceKlass com/mysql/cj/jdbc/NonRegisteringDriver
instanceKlass java/sql/DriverManager$2
instanceKlass java/sql/DriverManager$1
instanceKlass java/sql/DriverManager
instanceKlass java/sql/Driver
instanceKlass org/apache/ibatis/datasource/unpooled/UnpooledDataSource
instanceKlass javax/sql/DataSource
instanceKlass javax/sql/CommonDataSource
instanceKlass org/apache/ibatis/transaction/Transaction
instanceKlass org/apache/ibatis/mapping/MappedStatement
instanceKlass com/sun/org/apache/xml/internal/utils/XMLCharacterRecognizer
instanceKlass org/apache/ibatis/parsing/GenericTokenParser
instanceKlass org/apache/ibatis/parsing/PropertyParser$VariableTokenHandler
instanceKlass org/apache/ibatis/parsing/TokenHandler
instanceKlass org/apache/ibatis/parsing/PropertyParser
instanceKlass com/sun/org/apache/xerces/internal/dom/CharacterDataImpl$1
instanceKlass org/apache/ibatis/parsing/XNode
instanceKlass com/sun/org/apache/xerces/internal/dom/NamedNodeMapImpl
instanceKlass org/w3c/dom/NamedNodeMap
instanceKlass com/sun/org/apache/xml/internal/dtm/ref/DTMNodeIterator
instanceKlass org/w3c/dom/traversal/NodeIterator
instanceKlass com/sun/org/apache/xml/internal/dtm/DTMAxisTraverser
instanceKlass com/sun/org/apache/xml/internal/dtm/Axis
instanceKlass com/sun/org/apache/xpath/internal/objects/Comparator
instanceKlass com/sun/org/apache/xml/internal/dtm/ref/dom2dtm/DOM2DTMdefaultNamespaceDeclarationNode
instanceKlass com/sun/org/apache/xml/internal/utils/NSInfo
instanceKlass com/sun/org/apache/xml/internal/utils/DOMHelper
instanceKlass org/xml/sax/helpers/LocatorImpl
instanceKlass org/xml/sax/Locator
instanceKlass com/sun/org/apache/xml/internal/utils/TreeWalker
instanceKlass com/sun/org/apache/xml/internal/utils/SuballocatedIntVector
instanceKlass com/sun/org/apache/xml/internal/dtm/ref/DTMDefaultBase
instanceKlass javax/xml/transform/dom/DOMSource
instanceKlass javax/xml/transform/Source
instanceKlass com/sun/org/apache/xml/internal/dtm/ref/DTMNodeProxy
instanceKlass org/w3c/dom/DocumentFragment
instanceKlass org/w3c/dom/Comment
instanceKlass org/w3c/dom/ProcessingInstruction
instanceKlass org/w3c/dom/Attr
instanceKlass org/w3c/dom/Text
instanceKlass org/w3c/dom/CharacterData
instanceKlass com/sun/org/apache/xml/internal/dtm/ref/ExpandedNameTable$HashEntry
instanceKlass com/sun/org/apache/xml/internal/dtm/ref/ExtendedType
instanceKlass com/sun/org/apache/xml/internal/dtm/ref/ExpandedNameTable
instanceKlass com/sun/org/apache/xml/internal/dtm/DTM
instanceKlass com/sun/org/apache/xml/internal/utils/XMLStringFactory
instanceKlass com/sun/org/apache/xpath/internal/XPathContext$XPathExpressionContext
instanceKlass com/sun/org/apache/xalan/internal/extensions/ExpressionContext
instanceKlass com/sun/org/apache/xml/internal/utils/NodeVector
instanceKlass com/sun/org/apache/xpath/internal/SourceTreeManager
instanceKlass com/sun/org/apache/xpath/internal/VariableStack
instanceKlass com/sun/org/apache/xml/internal/utils/IntVector
instanceKlass com/sun/org/apache/xml/internal/dtm/DTMManager
instanceKlass com/sun/org/apache/xpath/internal/axes/IteratorPool
instanceKlass com/sun/org/apache/xpath/internal/axes/SubContextList
instanceKlass com/sun/org/apache/xpath/internal/axes/PathComponent
instanceKlass com/sun/org/apache/xml/internal/dtm/DTMIterator
instanceKlass com/sun/org/apache/xpath/internal/axes/WalkerFactory
instanceKlass com/sun/org/apache/xpath/internal/compiler/OpMapVector
instanceKlass com/sun/org/apache/xpath/internal/compiler/Lexer
instanceKlass com/sun/org/apache/xml/internal/utils/ObjectVector
instanceKlass com/sun/org/apache/xpath/internal/compiler/OpMap
instanceKlass com/sun/org/apache/xpath/internal/compiler/XPathParser
instanceKlass com/sun/org/apache/xml/internal/utils/DefaultErrorHandler
instanceKlass javax/xml/transform/ErrorListener
instanceKlass com/sun/org/apache/xpath/internal/Expression
instanceKlass com/sun/org/apache/xpath/internal/XPathVisitable
instanceKlass com/sun/org/apache/xpath/internal/ExpressionNode
instanceKlass javax/xml/transform/SourceLocator
instanceKlass com/sun/org/apache/xpath/internal/compiler/FunctionTable
instanceKlass com/sun/org/apache/xpath/internal/XPath
instanceKlass com/sun/org/apache/xpath/internal/ExpressionOwner
instanceKlass javax/xml/namespace/QName$1
instanceKlass javax/xml/namespace/QName
instanceKlass javax/xml/xpath/XPathConstants
instanceKlass org/apache/ibatis/executor/ErrorContext
instanceKlass org/apache/ibatis/mapping/SqlSource
instanceKlass org/apache/ibatis/scripting/xmltags/SqlNode
instanceKlass org/apache/ibatis/executor/parameter/ParameterHandler
instanceKlass org/apache/ibatis/executor/loader/cglib/CglibProxyFactory
instanceKlass org/apache/ibatis/logging/nologging/NoLoggingImpl
instanceKlass org/apache/ibatis/logging/stdout/StdOutImpl
instanceKlass org/apache/ibatis/logging/jdk14/Jdk14LoggingImpl
instanceKlass org/apache/ibatis/logging/log4j2/Log4j2Impl
instanceKlass org/apache/ibatis/logging/log4j/Log4jImpl
instanceKlass org/apache/ibatis/logging/commons/JakartaCommonsLoggingImpl
instanceKlass org/apache/ibatis/scripting/xmltags/XMLLanguageDriver
instanceKlass org/apache/ibatis/scripting/LanguageDriver
instanceKlass org/apache/ibatis/mapping/VendorDatabaseIdProvider
instanceKlass org/apache/ibatis/mapping/DatabaseIdProvider
instanceKlass org/apache/ibatis/cache/decorators/WeakCache
instanceKlass org/apache/ibatis/cache/decorators/SoftCache
instanceKlass org/apache/ibatis/cache/decorators/LruCache
instanceKlass org/apache/ibatis/cache/decorators/FifoCache
instanceKlass org/apache/ibatis/cache/impl/PerpetualCache
instanceKlass org/apache/ibatis/cache/Cache
instanceKlass org/apache/ibatis/datasource/unpooled/UnpooledDataSourceFactory
instanceKlass org/apache/ibatis/datasource/jndi/JndiDataSourceFactory
instanceKlass org/apache/ibatis/datasource/DataSourceFactory
instanceKlass org/apache/ibatis/transaction/managed/ManagedTransactionFactory
instanceKlass org/apache/ibatis/transaction/jdbc/JdbcTransactionFactory
instanceKlass org/apache/ibatis/transaction/TransactionFactory
instanceKlass org/apache/ibatis/scripting/LanguageDriverRegistry
instanceKlass java/sql/ResultSet
instanceKlass java/sql/Wrapper
instanceKlass org/apache/ibatis/type/TypeAliasRegistry
instanceKlass java/time/Instant
instanceKlass java/time/temporal/TemporalAdjuster
instanceKlass java/time/temporal/Temporal
instanceKlass java/time/temporal/TemporalAccessor
instanceKlass sun/reflect/generics/tree/ByteSignature
instanceKlass sun/reflect/generics/tree/ArrayTypeSignature
instanceKlass org/apache/ibatis/type/MappedJdbcTypes
instanceKlass sun/reflect/generics/tree/TypeVariableSignature
instanceKlass org/apache/ibatis/type/TypeReference
instanceKlass java/util/EnumMap$1
instanceKlass org/apache/ibatis/type/TypeHandler
instanceKlass org/apache/ibatis/type/TypeHandlerRegistry
instanceKlass org/apache/ibatis/plugin/InterceptorChain
instanceKlass org/apache/ibatis/io/ResolverUtil$Test
instanceKlass org/apache/ibatis/binding/MapperRegistry
instanceKlass org/apache/ibatis/javassist/util/proxy/ProxyFactory$3
instanceKlass org/apache/ibatis/javassist/util/proxy/ProxyFactory$2
instanceKlass org/apache/ibatis/javassist/util/proxy/ProxyFactory$1
instanceKlass org/apache/ibatis/javassist/util/proxy/MethodHandler
instanceKlass org/apache/ibatis/javassist/util/proxy/ProxyFactory$UniqueName
instanceKlass org/apache/ibatis/javassist/util/proxy/ProxyFactory$ClassLoaderProvider
instanceKlass org/apache/ibatis/javassist/util/proxy/ProxyFactory
instanceKlass org/apache/ibatis/executor/loader/javassist/JavassistProxyFactory
instanceKlass org/apache/ibatis/reflection/wrapper/DefaultObjectWrapperFactory
instanceKlass org/apache/ibatis/reflection/factory/DefaultObjectFactory
instanceKlass org/apache/ibatis/reflection/DefaultReflectorFactory
instanceKlass org/apache/ibatis/logging/LogFactory$6
instanceKlass org/apache/ibatis/logging/LogFactory$5
instanceKlass org/apache/ibatis/logging/LogFactory$4
instanceKlass org/apache/ibatis/logging/LogFactory$3
instanceKlass org/apache/ibatis/logging/LogFactory$2
instanceKlass org/slf4j/helpers/BasicMarker
instanceKlass org/slf4j/helpers/BasicMarkerFactory
instanceKlass org/slf4j/impl/StaticMarkerBinder
instanceKlass org/slf4j/spi/MarkerFactoryBinder
instanceKlass org/slf4j/IMarkerFactory
instanceKlass org/slf4j/MarkerFactory
instanceKlass org/apache/ibatis/logging/slf4j/Slf4jLocationAwareLoggerImpl
instanceKlass org/slf4j/Marker
instanceKlass org/apache/log4j/CategoryKey
instanceKlass org/apache/log4j/helpers/AppenderAttachableImpl
instanceKlass java/util/Vector$1
instanceKlass java/util/Collections$EmptyEnumeration
instanceKlass org/apache/log4j/SortedKeyEnumeration
instanceKlass org/apache/log4j/spi/Filter
instanceKlass java/util/Date
instanceKlass java/text/DigitList
instanceKlass java/text/FieldPosition
instanceKlass java/util/Currency$CurrencyNameGetter
instanceKlass java/util/Currency$1
instanceKlass java/util/Currency
instanceKlass java/text/DecimalFormatSymbols
instanceKlass java/util/concurrent/atomic/AtomicMarkableReference$Pair
instanceKlass java/util/concurrent/atomic/AtomicMarkableReference
instanceKlass java/text/DateFormatSymbols
instanceKlass sun/util/calendar/CalendarUtils
instanceKlass sun/util/calendar/CalendarDate
instanceKlass java/util/Collections$EmptyIterator
instanceKlass sun/util/locale/LanguageTag
instanceKlass java/util/ResourceBundle$CacheKeyReference
instanceKlass java/util/ResourceBundle$CacheKey
instanceKlass java/util/ResourceBundle$RBClassLoader$1
instanceKlass java/util/spi/ResourceBundleControlProvider
instanceKlass java/util/ResourceBundle
instanceKlass java/util/ResourceBundle$Control
instanceKlass sun/util/resources/LocaleData$1
instanceKlass sun/util/resources/LocaleData
instanceKlass sun/util/locale/provider/LocaleResources
instanceKlass sun/util/locale/provider/CalendarDataUtility$CalendarWeekParameterGetter
instanceKlass sun/util/locale/provider/LocaleServiceProviderPool$LocalizedObjectGetter
instanceKlass sun/util/locale/provider/SPILocaleProviderAdapter$1
instanceKlass sun/util/locale/provider/LocaleServiceProviderPool
instanceKlass sun/util/locale/provider/CalendarDataUtility
instanceKlass java/util/Calendar$Builder
instanceKlass sun/util/locale/provider/JRELocaleProviderAdapter$1
instanceKlass sun/util/locale/provider/LocaleDataMetaInfo
instanceKlass sun/util/locale/provider/AvailableLanguageTags
instanceKlass sun/util/locale/provider/LocaleProviderAdapter$1
instanceKlass sun/util/locale/provider/ResourceBundleBasedAdapter
instanceKlass sun/util/locale/provider/LocaleProviderAdapter
instanceKlass java/util/spi/LocaleServiceProvider
instanceKlass java/util/Calendar
instanceKlass java/util/TimeZone$1
instanceKlass java/util/zip/CRC32
instanceKlass java/util/zip/Checksum
instanceKlass sun/util/calendar/ZoneInfoFile$ZoneOffsetTransitionRule
instanceKlass java/io/DataInput
instanceKlass sun/util/calendar/ZoneInfoFile$1
instanceKlass sun/util/calendar/ZoneInfoFile
instanceKlass sun/util/calendar/CalendarSystem
instanceKlass java/util/TimeZone
instanceKlass java/util/Locale$1
instanceKlass java/text/AttributedCharacterIterator$Attribute
instanceKlass org/apache/log4j/spi/LoggingEvent
instanceKlass java/beans/SimpleBeanInfo
instanceKlass java/util/TreeMap$PrivateEntryIterator
instanceKlass sun/reflect/annotation/AnnotationParser
instanceKlass java/beans/Transient
instanceKlass com/sun/beans/WildcardTypeImpl
instanceKlass java/lang/reflect/GenericArrayType
instanceKlass sun/reflect/generics/reflectiveObjects/ParameterizedTypeImpl
instanceKlass java/lang/reflect/ParameterizedType
instanceKlass sun/reflect/generics/reflectiveObjects/LazyReflectiveObjectGenerator
instanceKlass java/lang/reflect/WildcardType
instanceKlass sun/reflect/generics/visitor/Reifier
