JvmtiExport can_access_local_variables 0
JvmtiExport can_hotswap_or_post_breakpoint 0
JvmtiExport can_post_on_exceptions 0
# 462 ciObject found
instanceKlass java/util/concurrent/ConcurrentLinkedQueue$Itr
instanceKlass org/apache/ibatis/executor/loader/ResultLoaderMap
instanceKlass org/apache/ibatis/executor/result/DefaultResultContext
instanceKlass org/apache/ibatis/executor/result/DefaultResultHandler
instanceKlass com/mysql/cj/jdbc/result/ResultSetMetaData$1
instanceKlass org/apache/ibatis/executor/resultset/ResultSetWrapper
instanceKlass java/util/ArrayList$1
instanceKlass sun/reflect/ClassDefiner$1
instanceKlass sun/reflect/ClassDefiner
instanceKlass sun/reflect/MethodAccessorGenerator$1
instanceKlass sun/reflect/Label$PatchInfo
instanceKlass sun/reflect/Label
instanceKlass sun/reflect/UTF8
instanceKlass sun/reflect/ClassFileAssembler
instanceKlass sun/reflect/ByteVectorImpl
instanceKlass sun/reflect/ByteVector
instanceKlass sun/reflect/ByteVectorFactory
instanceKlass sun/reflect/AccessorGenerator
instanceKlass sun/reflect/ClassFileConstants
instanceKlass org/apache/ibatis/executor/statement/StatementUtil
instanceKlass java/sql/Ref
instanceKlass java/sql/RowId
instanceKlass java/util/RegularEnumSet$EnumSetIterator
instanceKlass com/mysql/cj/jdbc/PreparedStatement$BatchVisitor
instanceKlass com/mysql/cj/jdbc/PreparedStatement$ParseInfo
instanceKlass com/mysql/cj/api/jdbc/ParameterBindings
instanceKlass java/sql/ParameterMetaData
instanceKlass com/mysql/cj/jdbc/EscapeProcessor
instanceKlass org/apache/ibatis/executor/keygen/Jdbc3KeyGenerator
instanceKlass org/apache/ibatis/logging/jdbc/BaseJdbcLogger
instanceKlass java/lang/reflect/WeakCache$Value
instanceKlass sun/misc/ProxyGenerator$ExceptionTableEntry
instanceKlass sun/misc/ProxyGenerator$FieldInfo
instanceKlass java/io/DataOutput
instanceKlass sun/misc/ProxyGenerator$ConstantPool$Entry
instanceKlass sun/misc/ProxyGenerator$MethodInfo
instanceKlass sun/misc/ProxyGenerator$PrimitiveTypeInfo
instanceKlass java/sql/Struct
instanceKlass java/sql/Array
instanceKlass java/util/concurrent/Executor
instanceKlass sun/misc/ProxyGenerator$ProxyMethod
instanceKlass sun/misc/ProxyGenerator$ConstantPool
instanceKlass sun/misc/ProxyGenerator
instanceKlass java/lang/reflect/WeakCache$Factory
instanceKlass com/mysql/cj/core/io/NetworkResources
instanceKlass com/mysql/cj/jdbc/ConnectionImpl$$Lambda$17
instanceKlass com/mysql/cj/core/LicenseConfiguration
instanceKlass com/mysql/cj/core/io/StringValueFactory
instanceKlass com/mysql/cj/jdbc/result/ResultSetMetaData
instanceKlass com/mysql/cj/core/io/BaseDecoratingValueFactory
instanceKlass com/mysql/cj/core/io/DefaultValueFactory
instanceKlass java/sql/ResultSetMetaData
instanceKlass com/mysql/cj/api/io/ValueFactory
instanceKlass com/mysql/cj/mysqla/result/OkPacket
instanceKlass com/mysql/cj/mysqla/result/AbstractResultsetRows
instanceKlass com/mysql/cj/mysqla/result/AbstractResultsetRow
instanceKlass com/mysql/cj/mysqla/result/MysqlaColumnDefinition$1
instanceKlass com/mysql/cj/core/io/MysqlTextValueDecoder
instanceKlass com/mysql/cj/api/io/ValueDecoder
instanceKlass com/mysql/cj/mysqla/io/AbstractRowFactory
instanceKlass com/mysql/cj/mysqla/result/MysqlaColumnDefinition
instanceKlass com/mysql/cj/core/result/Field$1
instanceKlass java/sql/SQLType
instanceKlass com/mysql/cj/core/util/LazyString
instanceKlass com/mysql/cj/core/result/Field
instanceKlass com/mysql/cj/mysqla/io/ColumnDefinitionFactory
instanceKlass com/mysql/cj/mysqla/MysqlaSession$$Lambda$16
instanceKlass com/mysql/cj/api/io/Protocol$GetProfilerEventHandlerInstanceFunction
instanceKlass java/util/TimerTask
instanceKlass com/mysql/cj/mysqla/io/MultiPacketReader
instanceKlass com/mysql/cj/mysqla/io/TimeTrackingPacketReader
instanceKlass com/mysql/cj/mysqla/io/TimeTrackingPacketSender
instanceKlass com/mysql/cj/mysqla/MysqlaUtils
instanceKlass com/mysql/cj/mysqla/io/PacketSplitter
instanceKlass com/mysql/cj/core/Collation
instanceKlass sun/nio/cs/SingleByte
instanceKlass com/mysql/cj/core/MysqlCharset
instanceKlass com/mysql/cj/core/CharsetMapping
instanceKlass sun/security/provider/ByteArrayAccess
instanceKlass sun/security/jca/GetInstance$Instance
instanceKlass java/security/Provider$UString
instanceKlass java/security/Provider$Service
instanceKlass sun/security/provider/NativePRNG$NonBlocking
